Arguments: 
  C:\Program Files\nodejs\node.exe C:\Users\Unmatched TaiNguyen\AppData\Roaming\npm\node_modules\yarn\bin\yarn.js add pupeteer

PATH: 
  C:\Program Files\Microsoft MPI\Bin\;C:\Program Files (x86)\Common Files\Oracle\Java\javapath;C:\Python27\;C:\Python27\Scripts;C:\Windows\system32;C:\Windows;C:\Windows\System32\Wbem;C:\Windows\System32\WindowsPowerShell\v1.0\;C:\Windows\System32\OpenSSH\;C:\ProgramData\chocolatey\bin;C:\Program Files\nodejs\;C:\Program Files\Java\jdk1.8.0_211\bin;C:\Program Files\dotnet\;C:\Program Files\Microsoft SQL Server\130\Tools\Binn\;C:\Program Files\Microsoft SQL Server\Client SDK\ODBC\170\Tools\Binn\;C:\Program Files (x86)\Microsoft SQL Server\130\Tools\Binn\;C:\Program Files (x86)\Microsoft SQL Server\130\DTS\Binn\;C:\Program Files\Microsoft SQL Server\130\DTS\Binn\;C:\Program Files\Microsoft SQL Server\Client SDK\ODBC\130\Tools\Binn\;C:\Program Files (x86)\Microsoft SQL Server\Client SDK\ODBC\130\Tools\Binn\;C:\Program Files (x86)\Microsoft SQL Server\140\Tools\Binn\;C:\Program Files (x86)\Microsoft SQL Server\140\DTS\Binn\;C:\Program Files (x86)\Microsoft SQL Server\140\Tools\Binn\ManagementStudio\;C:\Program Files (x86)\dotnet\;C:\Program Files\Git\cmd;C:\Users\Unmatched TaiNguyen\AppData\Local\Microsoft\WindowsApps;C:\Users\Unmatched TaiNguyen\AppData\Roaming\npm;C:\Users\Unmatched TaiNguyen\AppData\Local\Android\Sdk\platform-tools;;C:\Users\Unmatched TaiNguyen\AppData\Local\Programs\Microsoft VS Code\bin

Yarn version: 
  1.16.0

Node version: 
  12.4.0

Platform: 
  win32 x64

Trace: 
  Error: https://registry.yarnpkg.com/pupeteer: Not found
      at Request.params.callback [as _callback] (C:\Users\Unmatched TaiNguyen\AppData\Roaming\npm\node_modules\yarn\lib\cli.js:66091:18)
      at Request.self.callback (C:\Users\Unmatched TaiNguyen\AppData\Roaming\npm\node_modules\yarn\lib\cli.js:129590:22)
      at Request.emit (events.js:200:13)
      at Request.<anonymous> (C:\Users\Unmatched TaiNguyen\AppData\Roaming\npm\node_modules\yarn\lib\cli.js:130562:10)
      at Request.emit (events.js:200:13)
      at IncomingMessage.<anonymous> (C:\Users\Unmatched TaiNguyen\AppData\Roaming\npm\node_modules\yarn\lib\cli.js:130484:12)
      at Object.onceWrapper (events.js:288:20)
      at IncomingMessage.emit (events.js:205:15)
      at endReadableNT (_stream_readable.js:1154:12)
      at processTicksAndRejections (internal/process/task_queues.js:84:9)

npm manifest: 
  {
    "name": "ScanData",
    "version": "1.0.0",
    "main": "index.js",
    "author": "Unmatched TaiNguyen",
    "license": "MIT"
  }

yarn manifest: 
  No manifest

Lockfile: 
  # THIS IS AN AUTOGENERATED FILE. DO NOT EDIT THIS FILE DIRECTLY.
  # yarn lockfile v1
